<?xml version="1.0" encoding="UTF-8"?>
<!-- Generated by org.testng.reporters.JUnitXMLReporter -->
<testsuite hostname="LENOVO" ignored="0" name="Test" tests="2" failures="1" timestamp="07 Aug 2019 17:54:50 GMT" time="52.527" errors="0">
  <testcase name="TestCase001" time="29.377" classname="com.qa.cbol.tests.Test001"/>
  <testcase name="TestCase002" time="20.481" classname="com.qa.cbol.tests.Test002">
    <failure type="java.lang.AssertionError" message="Unable to perform  click operation">
      <![CDATA[java.lang.AssertionError: Unable to perform  click operationat com.qa.cbol.utils.Reporters.logMessage(Reporters.java:109)at com.qa.cbol.act.ElementKeywords.setValueToXpathAndClick(ElementKeywords.java:22)at com.qa.cbol.pages.HomePage.selectMenu(HomePage.java:16)at com.qa.cbol.tests.Test002.TestCase002(Test002.java:32)... Removed 26 stack frames]]>
    </failure>
  </testcase> <!-- TestCase002 -->
</testsuite> <!-- Test -->
